Removed Pin From Net: NetName=GND Pin=D4-2
Removed Pin From Net: NetName=GND Pin=D6-2
Removed Pin From Net: NetName=VBAT Pin=R22-1
Change Component Footprint: Designator=U4 Old Footprint=FP-SOT25-IPC_A New Footprint=FP-SOT25-IPC_C
Change Component Designator: OldDesignator=MICRO_SD? NewDesignator=MICRO_SD1
Change Component Designator: OldDesignator=S? NewDesignator=S1
Added Component: Designator=D7(LTST-C191KRKT_V)
Add component (AddParameter): Name = "AF"; Value = "1"; VariantName = "[No Variations]"
Add component (AddParameter): Name = "Area Factor"; Value = ""; VariantName = "[No Variations]"
Add component (AddParameter): Name = "BV"; Value = "0"; VariantName = "[No Variations]"
Add component (AddParameter): Name = "BV_MAX"; Value = "1e99"; VariantName = "[No Variations]"
Add component (AddParameter): Name = "CJO"; Value = "0"; VariantName = "[No Variations]"
Add component (AddParameter): Name = "CJP"; Value = "0"; VariantName = "[No Variations]"
Add component (AddParameter): Name = "CTA"; Value = "0"; VariantName = "[No Variations]"
Add component (AddParameter): Name = "CTP"; Value = "0"; VariantName = "[No Variations]"
Add component (AddParameter): Name = "DTEMP"; Value = ""; VariantName = "[No Variations]"
Add component (AddParameter): Name = "EG"; Value = "1.11"; VariantName = "[No Variations]"
Add component (AddParameter): Name = "FC"; Value = "0.5"; VariantName = "[No Variations]"
Add component (AddParameter): Name = "FCS"; Value = "0.5"; VariantName = "[No Variations]"
Add component (AddParameter): Name = "FV_MAX"; Value = "1e99"; VariantName = "[No Variations]"
Add component (AddParameter): Name = "IBV"; Value = "0.001"; VariantName = "[No Variations]"
Add component (AddParameter): Name = "IKF"; Value = "0"; VariantName = "[No Variations]"
Add component (AddParameter): Name = "IKR"; Value = "0"; VariantName = "[No Variations]"
Add component (AddParameter): Name = "Initial Voltage"; Value = ""; VariantName = "[No Variations]"
Add component (AddParameter): Name = "IS"; Value = "1e-14"; VariantName = "[No Variations]"
Add component (AddParameter): Name = "ISR"; Value = "1e-14"; VariantName = "[No Variations]"
Add component (AddParameter): Name = "JSW"; Value = "0"; VariantName = "[No Variations]"
Add component (AddParameter): Name = "JTUN"; Value = "0"; VariantName = "[No Variations]"
Add component (AddParameter): Name = "JTUNSW"; Value = "0"; VariantName = "[No Variations]"
Add component (AddParameter): Name = "KEG"; Value = "1"; VariantName = "[No Variations]"
Add component (AddParameter): Name = "KF"; Value = "0"; VariantName = "[No Variations]"
Add component (AddParameter): Name = "L"; Value = ""; VariantName = "[No Variations]"
Add component (AddParameter): Name = "LEVEL"; Value = "1"; VariantName = "[No Variations]"
Add component (AddParameter): Name = "M"; Value = ""; VariantName = "[No Variations]"
Add component (AddParameter): Name = "MJSW"; Value = "0.33"; VariantName = "[No Variations]"
Add component (AddParameter): Name = "N"; Value = "1"; VariantName = "[No Variations]"
Add component (AddParameter): Name = "NBV"; Value = "1"; VariantName = "[No Variations]"
Add component (AddParameter): Name = "NR"; Value = "1"; VariantName = "[No Variations]"
Add component (AddParameter): Name = "NS"; Value = "1"; VariantName = "[No Variations]"
Add component (AddParameter): Name = "NTUN"; Value = "30"; VariantName = "[No Variations]"
Add component (AddParameter): Name = "PHP"; Value = "1"; VariantName = "[No Variations]"
Add component (AddParameter): Name = "PJ"; Value = ""; VariantName = "[No Variations]"
Add component (AddParameter): Name = "RS"; Value = "0"; VariantName = "[No Variations]"
Add component (AddParameter): Name = "SENS_AREA"; Value = ""; VariantName = "[No Variations]"
Add component (AddParameter): Name = "SimulationGenericComponent"; Value = "True"; VariantName = "[No Variations]"
Add component (AddParameter): Name = "Starting Condition"; Value = ""; VariantName = "[No Variations]"
Add component (AddParameter): Name = "T_REL_LOCAL"; Value = ""; VariantName = "[No Variations]"
Add component (AddParameter): Name = "TCV"; Value = "0"; VariantName = "[No Variations]"
Add component (AddParameter): Name = "Temperature"; Value = ""; VariantName = "[No Variations]"
Add component (AddParameter): Name = "TLEV"; Value = "0"; VariantName = "[No Variations]"
Add component (AddParameter): Name = "TLEVC"; Value = "0"; VariantName = "[No Variations]"
Add component (AddParameter): Name = "TM1"; Value = "0"; VariantName = "[No Variations]"
Add component (AddParameter): Name = "TM2"; Value = "0"; VariantName = "[No Variations]"
Add component (AddParameter): Name = "TNOM"; Value = "27"; VariantName = "[No Variations]"
Add component (AddParameter): Name = "TPB"; Value = "0"; VariantName = "[No Variations]"
Add component (AddParameter): Name = "TPHP"; Value = "0"; VariantName = "[No Variations]"
Add component (AddParameter): Name = "TRS"; Value = "0"; VariantName = "[No Variations]"
Add component (AddParameter): Name = "TRS2"; Value = "0"; VariantName = "[No Variations]"
Add component (AddParameter): Name = "TT"; Value = "0"; VariantName = "[No Variations]"
Add component (AddParameter): Name = "TTT1"; Value = "0"; VariantName = "[No Variations]"
Add component (AddParameter): Name = "TTT2"; Value = "0"; VariantName = "[No Variations]"
Add component (AddParameter): Name = "VJ"; Value = "1"; VariantName = "[No Variations]"
Add component (AddParameter): Name = "W"; Value = ""; VariantName = "[No Variations]"
Add component (AddParameter): Name = "XTI"; Value = "3"; VariantName = "[No Variations]"
Add component (AddParameter): Name = "XTITUN"; Value = "3"; VariantName = "[No Variations]"
Added Component: Designator=R27(RESC1608X55X25LL10T15)
Add component (AddParameter): Name = "DTEMP"; Value = ""; VariantName = "[No Variations]"
Add component (AddParameter): Name = "SimulationGenericComponent"; Value = "True"; VariantName = "[No Variations]"
Add component (AddParameter): Name = "T_REL_LOCAL"; Value = ""; VariantName = "[No Variations]"
Add component (AddParameter): Name = "TC"; Value = ""; VariantName = "[No Variations]"
Add component (AddParameter): Name = "TC1"; Value = "0"; VariantName = "[No Variations]"
Add component (AddParameter): Name = "TC2"; Value = "0"; VariantName = "[No Variations]"
Add component (AddParameter): Name = "TEMP"; Value = ""; VariantName = "[No Variations]"
Add component (AddParameter): Name = "Value"; Value = "470"; VariantName = "[No Variations]"
Added Pin To Net: NetName=3V3 Pin=R22-1
Added Pin To Net: NetName=3V3 Pin=R25-1
Added Pin To Net: NetName=3V3 Pin=R27-1
Change Net Name : Old Net Name=VBAT_LED New Net Name=IMU_LED
Change Net Name : Old Net Name=VIN LED New Net Name=BARO_LED
Added Pin To Net: NetName=BARO_STATUS Pin=B1-4
Added Pin To Net: NetName=BARO_STATUS Pin=D7-2
Added Net: Name=BARO_STATUS
Added Pin To Net: NetName=IMU_STATUS Pin=B1-16
Added Pin To Net: NetName=IMU_STATUS Pin=D6-2
Added Net: Name=IMU_STATUS
Added Pin To Net: NetName=SD_LED Pin=D7-1
Added Pin To Net: NetName=SD_LED Pin=R27-2
Added Net: Name=SD_LED
Added Pin To Net: NetName=SD_STATUS Pin=B1-2
Added Pin To Net: NetName=SD_STATUS Pin=D4-2
Added Net: Name=SD_STATUS
Added Member To Class: ClassName=Main Member=Component D4 Light-Emitting Diode
Added Member To Class: ClassName=Main Member=Component D6 Light-Emitting Diode
Added Member To Class: ClassName=Main Member=Component D7 Light-Emitting Diode
Added Member To Class: ClassName=Main Member=Component R22 Resistor
Added Member To Class: ClassName=Main Member=Component R25 Resistor
Added Member To Class: ClassName=Main Member=Component R27 Resistor
