Add component: Footprint Not Found QFP50P1200X1200X160-64N
Add Pin To Net: Unknown Pin: Pin B1-1
Add Pin To Net: Unknown Pin: Pin B1-5
Add Pin To Net: Unknown Pin: Pin B1-6
Add Pin To Net: Unknown Pin: Pin B1-7
Add Pin To Net: Unknown Pin: Pin B1-12
Add Pin To Net: Unknown Pin: Pin B1-13
Add Pin To Net: Unknown Pin: Pin B1-18
Add Pin To Net: Unknown Pin: Pin B1-19
Add Pin To Net: Unknown Pin: Pin B1-20
Add Pin To Net: Unknown Pin: Pin B1-21
Add Pin To Net: Unknown Pin: Pin B1-22
Add Pin To Net: Unknown Pin: Pin B1-23
Add Pin To Net: Unknown Pin: Pin B1-24
Add Pin To Net: Unknown Pin: Pin B1-30
Add Pin To Net: Unknown Pin: Pin B1-31
Add Pin To Net: Unknown Pin: Pin B1-32
Add Pin To Net: Unknown Pin: Pin B1-38
Add Pin To Net: Unknown Pin: Pin B1-39
Add Pin To Net: Unknown Pin: Pin B1-40
Add Pin To Net: Unknown Pin: Pin B1-44
Add Pin To Net: Unknown Pin: Pin B1-45
Add Pin To Net: Unknown Pin: Pin B1-46
Add Pin To Net: Unknown Pin: Pin B1-47
Add Pin To Net: Unknown Pin: Pin B1-48
Add Pin To Net: Unknown Pin: Pin B1-49
Add Pin To Net: Unknown Pin: Pin B1-51
Add Pin To Net: Unknown Pin: Pin B1-52
Add Pin To Net: Unknown Pin: Pin B1-53
Add Pin To Net: Unknown Pin: Pin B1-54
Add Pin To Net: Unknown Pin: Pin B1-55
Add Pin To Net: Unknown Pin: Pin B1-59
Add Pin To Net: Unknown Pin: Pin B1-60
Add Pin To Net: Unknown Pin: Pin B1-61
Add Pin To Net: Unknown Pin: Pin B1-62
Add Pin To Net: Unknown Pin: Pin B1-63
Add Pin To Net: Unknown Pin: Pin B1-64
Add Class Member: Failed to add class member : Component B1 STM32U575RGT6
Added Rule: Name=Schematic Supply Nets
Added Rule: Name=Schematic Supply Nets_1
Added Rule: Name=Schematic Supply Nets_2
Added Rule: Name=Schematic Supply Nets_3
Added Rule: Name=Schematic Supply Nets_4
