Added Component: Designator=B1(QFP50P1200X1200X160-64N)
Add component (AddParameter): Name = "Datasheet Link"; Value = "https://www.st.com/resource/en/datasheet/stm32u575ag.pdf"; VariantName = "[No Variations]"
Add component (AddParameter): Name = "Geometry.Height"; Value = "1.6mm"; VariantName = "[No Variations]"
Add component (AddParameter): Name = "Manufacturer_Name"; Value = "STMicroelectronics"; VariantName = "[No Variations]"
Add component (AddParameter): Name = "Manufacturer_Part_Number"; Value = "STM32U575RGT6"; VariantName = "[No Variations]"
Add component: Footprint Not Found Cap0603
Add component: Footprint Not Found Cap0402
Add component: Footprint Not Found Cap0603
Add component: Footprint Not Found Cap0402
Add component: Footprint Not Found Cap0402
Add component: Footprint Not Found Cap0402
Add component: Footprint Not Found Cap0402
Add component: Footprint Not Found Cap0402
Add component: Footprint Not Found Cap0402
Add component: Footprint Not Found Cap0603
Add component: Footprint Not Found Cap0402
Add component: Footprint Not Found Cap0402
Add component: Footprint Not Found Cap0402
Add component: Footprint Not Found Cap0402
Add component: Footprint Not Found Cap0603
Add component: Footprint Not Found Cap0603
Add component: Footprint Not Found Cap0402
Add component: Footprint Not Found Cap0402
Added Component: Designator=D1(ONSC-SOD-123FL-2-498_V)
Add component (AddParameter): Name = "ComponentLink1Description"; Value = "Manufacturer URL"; VariantName = "[No Variations]"
Add component (AddParameter): Name = "ComponentLink1URL"; Value = "http://www.onsemi.com/"; VariantName = "[No Variations]"
Add component (AddParameter): Name = "ComponentLink2Description"; Value = "Datasheet"; VariantName = "[No Variations]"
Add component (AddParameter): Name = "ComponentLink2URL"; Value = "http://www.onsemi.com/pub_link/Collateral/SMF5.0AT1-D.PDF"; VariantName = "[No Variations]"
Add component (AddParameter): Name = "ComponentLink3Description"; Value = "Package Specification"; VariantName = "[No Variations]"
Add component (AddParameter): Name = "ComponentLink3URL"; Value = "http://www.onsemi.com/pub_link/Collateral/498-01.PDF"; VariantName = "[No Variations]"
Add component (AddParameter): Name = "DatasheetVersion"; Value = "Rev. 7"; VariantName = "[No Variations]"
Add component (AddParameter): Name = "Direction"; Value = "Unidirectional"; VariantName = "[No Variations]"
Add component (AddParameter): Name = "IR Max (uA)"; Value = "400"; VariantName = "[No Variations]"
Add component (AddParameter): Name = "Manufacturer"; Value = "On Semiconductor"; VariantName = "[No Variations]"
Add component (AddParameter): Name = "Mounting Technology"; Value = "Surface Mount"; VariantName = "[No Variations]"
Add component (AddParameter): Name = "PackageDescription"; Value = "2-Pin SOD, Body 1.65 x 2.7 mm"; VariantName = "[No Variations]"
Add component (AddParameter): Name = "PackageReference"; Value = "SOD-123FL-2-498"; VariantName = "[No Variations]"
Add component (AddParameter): Name = "PackageVersion"; Value = "Rev. D, 05/2013"; VariantName = "[No Variations]"
Add component (AddParameter): Name = "Packing"; Value = "Tape and Reel"; VariantName = "[No Variations]"
Add component (AddParameter): Name = "PartNumber"; Value = "SMF5.0AT1G"; VariantName = "[No Variations]"
Add component (AddParameter): Name = "RoHS"; Value = "Pb-Free"; VariantName = "[No Variations]"
Add component (AddParameter): Name = "V(BR) Typ (V)"; Value = "6.7"; VariantName = "[No Variations]"
Added Component: Designator=D2(ONSC-SOD-123FL-2-498_V)
Add component (AddParameter): Name = "ComponentLink1Description"; Value = "Manufacturer URL"; VariantName = "[No Variations]"
Add component (AddParameter): Name = "ComponentLink1URL"; Value = "http://www.onsemi.com/"; VariantName = "[No Variations]"
Add component (AddParameter): Name = "ComponentLink2Description"; Value = "Datasheet"; VariantName = "[No Variations]"
Add component (AddParameter): Name = "ComponentLink2URL"; Value = "http://www.onsemi.com/pub_link/Collateral/SMF5.0AT1-D.PDF"; VariantName = "[No Variations]"
Add component (AddParameter): Name = "ComponentLink3Description"; Value = "Package Specification"; VariantName = "[No Variations]"
Add component (AddParameter): Name = "ComponentLink3URL"; Value = "http://www.onsemi.com/pub_link/Collateral/498-01.PDF"; VariantName = "[No Variations]"
Add component (AddParameter): Name = "DatasheetVersion"; Value = "Rev. 7"; VariantName = "[No Variations]"
Add component (AddParameter): Name = "Direction"; Value = "Unidirectional"; VariantName = "[No Variations]"
Add component (AddParameter): Name = "IR Max (uA)"; Value = "400"; VariantName = "[No Variations]"
Add component (AddParameter): Name = "Manufacturer"; Value = "On Semiconductor"; VariantName = "[No Variations]"
Add component (AddParameter): Name = "Mounting Technology"; Value = "Surface Mount"; VariantName = "[No Variations]"
Add component (AddParameter): Name = "PackageDescription"; Value = "2-Pin SOD, Body 1.65 x 2.7 mm"; VariantName = "[No Variations]"
Add component (AddParameter): Name = "PackageReference"; Value = "SOD-123FL-2-498"; VariantName = "[No Variations]"
Add component (AddParameter): Name = "PackageVersion"; Value = "Rev. D, 05/2013"; VariantName = "[No Variations]"
Add component (AddParameter): Name = "Packing"; Value = "Tape and Reel"; VariantName = "[No Variations]"
Add component (AddParameter): Name = "PartNumber"; Value = "SMF5.0AT1G"; VariantName = "[No Variations]"
Add component (AddParameter): Name = "RoHS"; Value = "Pb-Free"; VariantName = "[No Variations]"
Add component (AddParameter): Name = "V(BR) Typ (V)"; Value = "6.7"; VariantName = "[No Variations]"
Add component: Footprint Not Found LED0603
Add component: Footprint Not Found LED0603
Add component: Footprint Not Found LED0603
Add component: Footprint Not Found LED0603
Added Component: Designator=IC1(SOT95P280X145-6N)
Add component (AddParameter): Name = "Arrow Part Number"; Value = "USBLC6-2SC6"; VariantName = "[No Variations]"
Add component (AddParameter): Name = "Arrow Price/Stock"; Value = "https://www.arrow.com/en/products/usblc6-2sc6/stmicroelectronics?utm_currency=USD&region=europe"; VariantName = "[No Variations]"
Add component (AddParameter): Name = "Datasheet Link"; Value = "https://www.st.com/resource/en/datasheet/usblc6-2.pdf"; VariantName = "[No Variations]"
Add component (AddParameter): Name = "Height"; Value = "1.45mm"; VariantName = "[No Variations]"
Add component (AddParameter): Name = "Manufacturer_Name"; Value = "STMicroelectronics"; VariantName = "[No Variations]"
Add component (AddParameter): Name = "Manufacturer_Part_Number"; Value = "USBLC6-2SC6"; VariantName = "[No Variations]"
Add component (AddParameter): Name = "Mouser Part Number"; Value = "511-USBLC6-2SC6"; VariantName = "[No Variations]"
Add component (AddParameter): Name = "Mouser Price/Stock"; Value = "https://www.mouser.co.uk/ProductDetail/STMicroelectronics/USBLC6-2SC6?qs=po45yt2pPpu%2FhNIlwQdTlg%3D%3D"; VariantName = "[No Variations]"
Added Component: Designator=J1(SHOUHAN_TYPE-C_16PIN_2MD_(073))
Add component (AddParameter): Name = "Check_prices"; Value = "https://www.snapeda.com/parts/TYPE-C%2016PIN%202MD%20(073)/Shouhan/view-part/?ref=eda"; VariantName = "[No Variations]"
Add component (AddParameter): Name = "Component Type"; Value = "Standard"; VariantName = "[No Variations]"
Add component (AddParameter): Name = "Design Item ID"; Value = "TYPE-C_16PIN_2MD_(073)"; VariantName = "[No Variations]"
Add component (AddParameter): Name = "MF"; Value = "Shouhan"; VariantName = "[No Variations]"
Add component (AddParameter): Name = "MP"; Value = "TYPE-C 16PIN 2MD (073)"; VariantName = "[No Variations]"
Add component (AddParameter): Name = "Package"; Value = "Package"; VariantName = "[No Variations]"
Add component (AddParameter): Name = "Pin Count"; Value = "16"; VariantName = "[No Variations]"
Add component (AddParameter): Name = "SnapEDA_Link"; Value = "https://www.snapeda.com/parts/TYPE-C%2016PIN%202MD%20(073)/Shouhan/view-part/?ref=snap"; VariantName = "[No Variations]"
Add component (AddParameter): Name = "Source"; Value = "TYPE-C_16PIN_2MD_(073).SchLib"; VariantName = "[No Variations]"
Add component (AddParameter): Name = "Value"; Value = ""; VariantName = "[No Variations]"
Added Component: Designator=J2(1040310811)
Add component (AddParameter): Name = "Arrow Part Number"; Value = ""; VariantName = "[No Variations]"
Add component (AddParameter): Name = "Arrow Price/Stock"; Value = ""; VariantName = "[No Variations]"
Add component (AddParameter): Name = "Datasheet Link"; Value = "http://www.molex.com/webdocs/datasheets/pdf/en-us/1040310811_MEMORY_CARD_SOCKET.pdf"; VariantName = "[No Variations]"
Add component (AddParameter): Name = "Height"; Value = "1.42mm"; VariantName = "[No Variations]"
Add component (AddParameter): Name = "Manufacturer_Name"; Value = "Molex"; VariantName = "[No Variations]"
Add component (AddParameter): Name = "Manufacturer_Part_Number"; Value = "104031-0811"; VariantName = "[No Variations]"
Add component (AddParameter): Name = "Mouser Part Number"; Value = "538-104031-0811"; VariantName = "[No Variations]"
Add component (AddParameter): Name = "Mouser Price/Stock"; Value = "https://www.mouser.co.uk/ProductDetail/Molex/104031-0811?qs=udsGRKD4nA3Tvy7wqky%252BuA%3D%3D"; VariantName = "[No Variations]"
Added Component: Designator=J3(JST-B2B-PH-K-S_V)
Add component (AddParameter): Name = "Datasheet URL"; Value = "http://datasheet.octopart.com/B2B-PH-K-S%28LF%29%28SN%29-JST-datasheet-8324864.pdf"; VariantName = "[No Variations]"
Add component (AddParameter): Name = "Datasheet Version"; Value = "Nov-08"; VariantName = "[No Variations]"
Add component (AddParameter): Name = "Manufacturer"; Value = "JST"; VariantName = "[No Variations]"
Add component (AddParameter): Name = "Manufacturer URL"; Value = "http://www.jst.com/home2.html"; VariantName = "[No Variations]"
Add component (AddParameter): Name = "No of Positions"; Value = "2"; VariantName = "[No Variations]"
Add component (AddParameter): Name = "Pitch"; Value = "2mm"; VariantName = "[No Variations]"
Add component (AddParameter): Name = "Style/Orientation"; Value = "StraightHeader/Plug"; VariantName = "[No Variations]"
Add component (AddParameter): Name = "Termination"; Value = "Crimp"; VariantName = "[No Variations]"
Add component (AddParameter): Name = "Type"; Value = "ShroudedHeader"; VariantName = "[No Variations]"
Added Component: Designator=P1(JST-SM06B-SRSS-TB_V)
Add component (AddParameter): Name = "Datasheet URL"; Value = "https://datasheet.ciiva.com/26894/getdatasheetpartid-708885-26894671.pdf"; VariantName = "[No Variations]"
Add component (AddParameter): Name = "Datasheet Version"; Value = "11/2010"; VariantName = "[No Variations]"
Add component (AddParameter): Name = "Manufacturer"; Value = "JST"; VariantName = "[No Variations]"
Add component (AddParameter): Name = "Manufacturer URL"; Value = "http://www.jst.com/home2.html"; VariantName = "[No Variations]"
Add component (AddParameter): Name = "Mounting Technology"; Value = "SurfaceMount"; VariantName = "[No Variations]"
Add component (AddParameter): Name = "No of Positions"; Value = "6"; VariantName = "[No Variations]"
Add component (AddParameter): Name = "Package Description"; Value = "Male Header, Pitch 1 mm, 1 X 6 Position, Height 2.9 mm"; VariantName = "[No Variations]"
Add component (AddParameter): Name = "Package Reference"; Value = "SM06B-SRSS-TB"; VariantName = "[No Variations]"
Add component (AddParameter): Name = "Pitch"; Value = "1mm"; VariantName = "[No Variations]"
Add component (AddParameter): Name = "Style/Orientation"; Value = "RightAngleHeader/Plug"; VariantName = "[No Variations]"
Add component (AddParameter): Name = "Termination"; Value = "Solder"; VariantName = "[No Variations]"
Add component (AddParameter): Name = "Type"; Value = "ShroudedHeader"; VariantName = "[No Variations]"
Add component: Footprint Not Found Res0402
Add component: Footprint Not Found Res0402
Add component: Footprint Not Found Res0402
Add component: Footprint Not Found Res0402
Add component: Footprint Not Found Res0402
Add component: Footprint Not Found Res0402
Add component: Footprint Not Found Res0402
Add component: Footprint Not Found Res0402
Add component: Footprint Not Found Res0402
Add component: Footprint Not Found Res0402
Add component: Footprint Not Found Res0402
Add component: Footprint Not Found Res0402
Add component: Footprint Not Found Res0402
Add component: Footprint Not Found Res0402
Add component: Footprint Not Found Res0402
Add component: Footprint Not Found Res0402
Add component: Footprint Not Found Res0402
Add component: Footprint Not Found Res0402
Add component: Footprint Not Found Res0402
Add component: Footprint Not Found Res0402
Add component: Footprint Not Found Res0603
Add component: Footprint Not Found Res0603
Add component: Footprint Not Found Res0402
Add component: Footprint Not Found Res0603
Add component: Footprint Not Found Res0603
Add component: Footprint Not Found Res0402
Added Component: Designator=S1(TS1187ABAB)
Add component (AddParameter): Name = "Arrow Part Number"; Value = ""; VariantName = "[No Variations]"
Add component (AddParameter): Name = "Arrow Price/Stock"; Value = ""; VariantName = "[No Variations]"
Add component (AddParameter): Name = "Datasheet Link"; Value = "http://www.helloxkb.com/public/images/pdf/TS-1187A-X-X-X.pdf"; VariantName = "[No Variations]"
Add component (AddParameter): Name = "Height"; Value = "4.05mm"; VariantName = "[No Variations]"
Add component (AddParameter): Name = "Manufacturer_Name"; Value = "XKB Connectivity"; VariantName = "[No Variations]"
Add component (AddParameter): Name = "Manufacturer_Part_Number"; Value = "TS-1187A-B-A-B"; VariantName = "[No Variations]"
Add component (AddParameter): Name = "Mouser Part Number"; Value = ""; VariantName = "[No Variations]"
Add component (AddParameter): Name = "Mouser Price/Stock"; Value = ""; VariantName = "[No Variations]"
Added Component: Designator=S2(MK12C02G020)
Add component (AddParameter): Name = "Arrow Part Number"; Value = ""; VariantName = "[No Variations]"
Add component (AddParameter): Name = "Arrow Price/Stock"; Value = ""; VariantName = "[No Variations]"
Add component (AddParameter): Name = "Datasheet Link"; Value = "https://datasheet.lcsc.com/lcsc/2012062037_G-Switch-MK-12C02-G020_C963206.pdf"; VariantName = "[No Variations]"
Add component (AddParameter): Name = "Height"; Value = "1.45mm"; VariantName = "[No Variations]"
Add component (AddParameter): Name = "Manufacturer_Name"; Value = "G-Switch Electronic"; VariantName = "[No Variations]"
Add component (AddParameter): Name = "Manufacturer_Part_Number"; Value = "MK-12C02-G020"; VariantName = "[No Variations]"
Add component (AddParameter): Name = "Mouser Part Number"; Value = ""; VariantName = "[No Variations]"
Add component (AddParameter): Name = "Mouser Price/Stock"; Value = ""; VariantName = "[No Variations]"
Added Component: Designator=U1(PQFN50P200X200X80-10N)
Add component (AddParameter): Name = "Availability"; Value = "Unavailable"; VariantName = "[No Variations]"
Add component (AddParameter): Name = "Case/Package"; Value = "None"; VariantName = "[No Variations]"
Add component (AddParameter): Name = "Component Type"; Value = "Standard"; VariantName = "[No Variations]"
Add component (AddParameter): Name = "Design Item ID"; Value = "BMP388"; VariantName = "[No Variations]"
Add component (AddParameter): Name = "Max Operating Temperature"; Value = ""; VariantName = "[No Variations]"
Add component (AddParameter): Name = "Max Supply Voltage"; Value = ""; VariantName = "[No Variations]"
Add component (AddParameter): Name = "Min Operating Temperature"; Value = ""; VariantName = "[No Variations]"
Add component (AddParameter): Name = "Min Supply Voltage"; Value = ""; VariantName = "[No Variations]"
Add component (AddParameter): Name = "Mounting Technology"; Value = ""; VariantName = "[No Variations]"
Add component (AddParameter): Name = "MP"; Value = "BMP388"; VariantName = "[No Variations]"
Add component (AddParameter): Name = "Pins"; Value = "10"; VariantName = "[No Variations]"
Add component (AddParameter): Name = "Price"; Value = "None"; VariantName = "[No Variations]"
Add component (AddParameter): Name = "RoHS Compliant"; Value = ""; VariantName = "[No Variations]"
Add component (AddParameter): Name = "Source"; Value = "BMP388.SchLib"; VariantName = "[No Variations]"
Add component (AddParameter): Name = "Value"; Value = ""; VariantName = "[No Variations]"
Added Component: Designator=U2(FP-LGA-14L-DM00249496-MFG)
Added Component: Designator=U4(FP-SOT25-IPC_A)
Add component (AddParameter): Name = "Accuracy"; Value = "1.5%"; VariantName = "[No Variations]"
Add component (AddParameter): Name = "Case/Package"; Value = "SOT-23-5"; VariantName = "[No Variations]"
Add component (AddParameter): Name = "Dropout Voltage"; Value = "250mV"; VariantName = "[No Variations]"
Add component (AddParameter): Name = "Height"; Value = "1.3mm"; VariantName = "[No Variations]"
Add component (AddParameter): Name = "Lead Free"; Value = "Lead Free"; VariantName = "[No Variations]"
Add component (AddParameter): Name = "Length"; Value = "3.1mm"; VariantName = "[No Variations]"
Add component (AddParameter): Name = "Max Input Voltage"; Value = "6V"; VariantName = "[No Variations]"
Add component (AddParameter): Name = "Max Operating Temperature"; Value = "85°C"; VariantName = "[No Variations]"
Add component (AddParameter): Name = "Max Output Current"; Value = "600mA"; VariantName = "[No Variations]"
Add component (AddParameter): Name = "Min Input Voltage"; Value = "2.5V"; VariantName = "[No Variations]"
Add component (AddParameter): Name = "Min Operating Temperature"; Value = "-40°C"; VariantName = "[No Variations]"
Add component (AddParameter): Name = "Mount"; Value = "Surface Mount"; VariantName = "[No Variations]"
Add component (AddParameter): Name = "Number of Outputs"; Value = "1"; VariantName = "[No Variations]"
Add component (AddParameter): Name = "Number of Pins"; Value = "5"; VariantName = "[No Variations]"
Add component (AddParameter): Name = "Number of Regulators"; Value = "1"; VariantName = "[No Variations]"
Add component (AddParameter): Name = "Output Current"; Value = "600mA"; VariantName = "[No Variations]"
Add component (AddParameter): Name = "Output Type"; Value = "Fixed"; VariantName = "[No Variations]"
Add component (AddParameter): Name = "Output Voltage"; Value = "3.3V"; VariantName = "[No Variations]"
Add component (AddParameter): Name = "Package Quantity"; Value = "1"; VariantName = "[No Variations]"
Add component (AddParameter): Name = "Packaging"; Value = "Tape and Reel"; VariantName = "[No Variations]"
Add component (AddParameter): Name = "Polarity"; Value = "Positive"; VariantName = "[No Variations]"
Add component (AddParameter): Name = "Quiescent Current"; Value = "55uA"; VariantName = "[No Variations]"
Add component (AddParameter): Name = "Width"; Value = "1.7mm"; VariantName = "[No Variations]"
Added Component: Designator=Y1(X32258MOB4SI)
Add component (AddParameter): Name = "Arrow Part Number"; Value = ""; VariantName = "[No Variations]"
Add component (AddParameter): Name = "Arrow Price/Stock"; Value = ""; VariantName = "[No Variations]"
Add component (AddParameter): Name = "Datasheet Link"; Value = "https://item.szlcsc.com/datasheet/X32258MOB4SI/2777872.html"; VariantName = "[No Variations]"
Add component (AddParameter): Name = "Height"; Value = "0.8mm"; VariantName = "[No Variations]"
Add component (AddParameter): Name = "Manufacturer_Name"; Value = "YXC"; VariantName = "[No Variations]"
Add component (AddParameter): Name = "Manufacturer_Part_Number"; Value = "X32258MOB4SI"; VariantName = "[No Variations]"
Add component (AddParameter): Name = "Mouser Part Number"; Value = ""; VariantName = "[No Variations]"
Add component (AddParameter): Name = "Mouser Price/Stock"; Value = ""; VariantName = "[No Variations]"
Added Pin To Net: NetName=3V3 Pin=B1-1
Added Pin To Net: NetName=HSE_IN Pin=B1-5
Added Pin To Net: NetName=HSE_OUT Pin=B1-6
Added Pin To Net: NetName=NRST Pin=B1-7
Added Pin To Net: NetName=3V3 Pin=B1-12
Added Pin To Net: NetName=GND Pin=B1-13
Added Pin To Net: NetName=GND Pin=B1-18
Added Pin To Net: NetName=3V3 Pin=B1-19
Added Pin To Net: NetName=IMU_INT Pin=B1-20
Added Pin To Net: NetName=IMU_SCK Pin=B1-21
Added Pin To Net: NetName=IMU_MISO Pin=B1-22
Added Pin To Net: NetName=IMU_MOSI Pin=B1-23
Added Pin To Net: NetName=IMU_CS Pin=B1-24
Added Pin To Net: NetName=NetB1_30 Pin=B1-30
Added Pin To Net: NetName=GND Pin=B1-31
Added Pin To Net: NetName=3V3 Pin=B1-32
Added Pin To Net: NetName=SD_DET Pin=B1-38
Added Pin To Net: NetName=SD_D0 Pin=B1-39
Added Pin To Net: NetName=SD_D1 Pin=B1-40
Added Pin To Net: NetName=STM_USB_N Pin=B1-44
Added Pin To Net: NetName=STM_USB_P Pin=B1-45
Added Pin To Net: NetName=SWDIO Pin=B1-46
Added Pin To Net: NetName=GND Pin=B1-47
Added Pin To Net: NetName=3V3 Pin=B1-48
Added Pin To Net: NetName=SWCLK Pin=B1-49
Added Pin To Net: NetName=SD_D2 Pin=B1-51
Added Pin To Net: NetName=SD_D3 Pin=B1-52
Added Pin To Net: NetName=SD_CK Pin=B1-53
Added Pin To Net: NetName=SD_CMD Pin=B1-54
Added Pin To Net: NetName=SWO Pin=B1-55
Added Pin To Net: NetName=BARO_INT Pin=B1-59
Added Pin To Net: NetName=BOOT0 Pin=B1-60
Added Pin To Net: NetName=BARO_SCL Pin=B1-61
Added Pin To Net: NetName=BARO_SDA Pin=B1-62
Added Pin To Net: NetName=GND Pin=B1-63
Added Pin To Net: NetName=3V3 Pin=B1-64
Add Pin To Net: Unknown Pin: Pin C1-1
Add Pin To Net: Unknown Pin: Pin C1-2
Add Pin To Net: Unknown Pin: Pin C2-1
Add Pin To Net: Unknown Pin: Pin C2-2
Add Pin To Net: Unknown Pin: Pin C3-1
Add Pin To Net: Unknown Pin: Pin C3-2
Add Pin To Net: Unknown Pin: Pin C4-1
Add Pin To Net: Unknown Pin: Pin C4-2
Add Pin To Net: Unknown Pin: Pin C5-1
Add Pin To Net: Unknown Pin: Pin C5-2
Add Pin To Net: Unknown Pin: Pin C6-1
Add Pin To Net: Unknown Pin: Pin C6-2
Add Pin To Net: Unknown Pin: Pin C7-1
Add Pin To Net: Unknown Pin: Pin C7-2
Add Pin To Net: Unknown Pin: Pin C8-1
Add Pin To Net: Unknown Pin: Pin C8-2
Add Pin To Net: Unknown Pin: Pin C9-1
Add Pin To Net: Unknown Pin: Pin C9-2
Add Pin To Net: Unknown Pin: Pin C10-1
Add Pin To Net: Unknown Pin: Pin C10-2
Add Pin To Net: Unknown Pin: Pin C11-1
Add Pin To Net: Unknown Pin: Pin C11-2
Add Pin To Net: Unknown Pin: Pin C12-1
Add Pin To Net: Unknown Pin: Pin C12-2
Add Pin To Net: Unknown Pin: Pin C13-1
Add Pin To Net: Unknown Pin: Pin C13-2
Add Pin To Net: Unknown Pin: Pin C14-1
Add Pin To Net: Unknown Pin: Pin C14-2
Add Pin To Net: Unknown Pin: Pin C15-1
Add Pin To Net: Unknown Pin: Pin C15-2
Add Pin To Net: Unknown Pin: Pin C16-1
Add Pin To Net: Unknown Pin: Pin C16-2
Add Pin To Net: Unknown Pin: Pin C17-1
Add Pin To Net: Unknown Pin: Pin C17-2
Add Pin To Net: Unknown Pin: Pin C18-1
Add Pin To Net: Unknown Pin: Pin C18-2
Added Pin To Net: NetName=VBUS Pin=D1-1
Added Pin To Net: NetName=GND Pin=D1-2
Added Pin To Net: NetName=VBAT Pin=D2-1
Added Pin To Net: NetName=GND Pin=D2-2
Add Pin To Net: Unknown Pin: Pin D3-1
Add Pin To Net: Unknown Pin: Pin D3-2
Add Pin To Net: Unknown Pin: Pin D4-1
Add Pin To Net: Unknown Pin: Pin D4-2
Add Pin To Net: Unknown Pin: Pin D5-1
Add Pin To Net: Unknown Pin: Pin D5-2
Add Pin To Net: Unknown Pin: Pin D6-1
Add Pin To Net: Unknown Pin: Pin D6-2
Added Pin To Net: NetName=STM_USB_P Pin=IC1-1
Added Pin To Net: NetName=GND Pin=IC1-2
Added Pin To Net: NetName=STM_USB_N Pin=IC1-3
Added Pin To Net: NetName=USB_N Pin=IC1-4
Added Pin To Net: NetName=VBUS Pin=IC1-5
Added Pin To Net: NetName=USB_P Pin=IC1-6
Added Pin To Net: NetName=GND Pin=J1-A1_B12
Added Pin To Net: NetName=VBUS Pin=J1-A4_B9
Added Pin To Net: NetName=CC1 Pin=J1-A5
Added Pin To Net: NetName=USB_P Pin=J1-A6
Added Pin To Net: NetName=USB_N Pin=J1-A7
Added Pin To Net: NetName=GND Pin=J1-B1_A12
Added Pin To Net: NetName=VBUS Pin=J1-B4_A9
Added Pin To Net: NetName=CC1 Pin=J1-B5
Added Pin To Net: NetName=USB_P Pin=J1-B6
Added Pin To Net: NetName=USB_N Pin=J1-B7
Added Pin To Net: NetName=GND Pin=J1-SH1
Added Pin To Net: NetName=GND Pin=J1-SH2
Added Pin To Net: NetName=GND Pin=J1-SH3
Added Pin To Net: NetName=GND Pin=J1-SH4
Added Pin To Net: NetName=DAT2 Pin=J2-1
Added Pin To Net: NetName=DAT3 Pin=J2-2
Added Pin To Net: NetName=CMD Pin=J2-3
Added Pin To Net: NetName=3V3 Pin=J2-4
Added Pin To Net: NetName=CLK Pin=J2-5
Added Pin To Net: NetName=GND Pin=J2-6
Added Pin To Net: NetName=DAT0 Pin=J2-7
Added Pin To Net: NetName=DAT1 Pin=J2-8
Added Pin To Net: NetName=SD_DET Pin=J2-9
Added Pin To Net: NetName=GND Pin=J2-10
Added Pin To Net: NetName=GND Pin=J2-11
Added Pin To Net: NetName=GND Pin=J2-12
Added Pin To Net: NetName=GND Pin=J2-13
Added Pin To Net: NetName=GND Pin=J2-14
Added Pin To Net: NetName=VBAT Pin=J3-1
Added Pin To Net: NetName=GND Pin=J3-2
Added Pin To Net: NetName=3V3 Pin=P1-1
Added Pin To Net: NetName=SWCLK Pin=P1-2
Added Pin To Net: NetName=GND Pin=P1-3
Added Pin To Net: NetName=SWDIO Pin=P1-4
Added Pin To Net: NetName=NRST Pin=P1-5
Added Pin To Net: NetName=SWO Pin=P1-6
Added Pin To Net: NetName=GND Pin=P1-MP1
Added Pin To Net: NetName=GND Pin=P1-MP2
Add Pin To Net: Unknown Pin: Pin R1-1
Add Pin To Net: Unknown Pin: Pin R1-2
Add Pin To Net: Unknown Pin: Pin R2-1
Add Pin To Net: Unknown Pin: Pin R2-2
Add Pin To Net: Unknown Pin: Pin R3-1
Add Pin To Net: Unknown Pin: Pin R3-2
Add Pin To Net: Unknown Pin: Pin R4-1
Add Pin To Net: Unknown Pin: Pin R4-2
Add Pin To Net: Unknown Pin: Pin R5-1
Add Pin To Net: Unknown Pin: Pin R5-2
Add Pin To Net: Unknown Pin: Pin R6-1
Add Pin To Net: Unknown Pin: Pin R6-2
Add Pin To Net: Unknown Pin: Pin R7-1
Add Pin To Net: Unknown Pin: Pin R7-2
Add Pin To Net: Unknown Pin: Pin R8-1
Add Pin To Net: Unknown Pin: Pin R8-2
Add Pin To Net: Unknown Pin: Pin R9-1
Add Pin To Net: Unknown Pin: Pin R9-2
Add Pin To Net: Unknown Pin: Pin R10-1
Add Pin To Net: Unknown Pin: Pin R10-2
Add Pin To Net: Unknown Pin: Pin R11-1
Add Pin To Net: Unknown Pin: Pin R11-2
Add Pin To Net: Unknown Pin: Pin R12-1
Add Pin To Net: Unknown Pin: Pin R12-2
Add Pin To Net: Unknown Pin: Pin R13-1
Add Pin To Net: Unknown Pin: Pin R13-2
Add Pin To Net: Unknown Pin: Pin R14-1
Add Pin To Net: Unknown Pin: Pin R14-2
Add Pin To Net: Unknown Pin: Pin R15-1
Add Pin To Net: Unknown Pin: Pin R15-2
Add Pin To Net: Unknown Pin: Pin R16-1
Add Pin To Net: Unknown Pin: Pin R16-2
Add Pin To Net: Unknown Pin: Pin R17-1
Add Pin To Net: Unknown Pin: Pin R17-2
Add Pin To Net: Unknown Pin: Pin R18-1
Add Pin To Net: Unknown Pin: Pin R18-2
Add Pin To Net: Unknown Pin: Pin R19-1
Add Pin To Net: Unknown Pin: Pin R19-2
Add Pin To Net: Unknown Pin: Pin R20-1
Add Pin To Net: Unknown Pin: Pin R20-2
Add Pin To Net: Unknown Pin: Pin R21-1
Add Pin To Net: Unknown Pin: Pin R21-2
Add Pin To Net: Unknown Pin: Pin R22-1
Add Pin To Net: Unknown Pin: Pin R22-2
Add Pin To Net: Unknown Pin: Pin R23-1
Add Pin To Net: Unknown Pin: Pin R23-2
Add Pin To Net: Unknown Pin: Pin R24-1
Add Pin To Net: Unknown Pin: Pin R24-2
Add Pin To Net: Unknown Pin: Pin R25-1
Add Pin To Net: Unknown Pin: Pin R25-2
Add Pin To Net: Unknown Pin: Pin R26-1
Add Pin To Net: Unknown Pin: Pin R26-2
Added Pin To Net: NetName=NRST Pin=S1-B1
Added Pin To Net: NetName=GND Pin=S1-D1
Added Pin To Net: NetName=VBUS Pin=S2-1
Added Pin To Net: NetName=VIN Pin=S2-2
Added Pin To Net: NetName=VBAT Pin=S2-3
Added Pin To Net: NetName=GND Pin=S2-MP1
Added Pin To Net: NetName=GND Pin=S2-MP2
Added Pin To Net: NetName=GND Pin=S2-MP3
Added Pin To Net: NetName=GND Pin=S2-MP4
Added Pin To Net: NetName=3V3 Pin=U1-1
Added Pin To Net: NetName=BARO_SCL Pin=U1-2
Added Pin To Net: NetName=GND Pin=U1-3
Added Pin To Net: NetName=BARO_SDA Pin=U1-4
Added Pin To Net: NetName=GND Pin=U1-5
Added Pin To Net: NetName=3V3 Pin=U1-6
Added Pin To Net: NetName=BARO_INT Pin=U1-7
Added Pin To Net: NetName=GND Pin=U1-8
Added Pin To Net: NetName=GND Pin=U1-9
Added Pin To Net: NetName=3V3 Pin=U1-10
Added Pin To Net: NetName=LSM_MISO Pin=U2-1
Added Pin To Net: NetName=3V3 Pin=U2-2
Added Pin To Net: NetName=3V3 Pin=U2-3
Added Pin To Net: NetName=IMU_INT Pin=U2-4
Added Pin To Net: NetName=3V3 Pin=U2-5
Added Pin To Net: NetName=GND Pin=U2-6
Added Pin To Net: NetName=GND Pin=U2-7
Added Pin To Net: NetName=3V3 Pin=U2-8
Added Pin To Net: NetName=IMU_CS Pin=U2-12
Added Pin To Net: NetName=LSM_SCK Pin=U2-13
Added Pin To Net: NetName=LSM_MOSI Pin=U2-14
Added Pin To Net: NetName=VIN Pin=U4-1
Added Pin To Net: NetName=GND Pin=U4-2
Added Pin To Net: NetName=VIN Pin=U4-3
Added Pin To Net: NetName=3V3 Pin=U4-5
Added Pin To Net: NetName=HSE_IN Pin=Y1-1
Added Pin To Net: NetName=GND Pin=Y1-2
Added Pin To Net: NetName=HSE_OUT Pin=Y1-3
Added Pin To Net: NetName=GND Pin=Y1-4
Added Member To Class: ClassName=Main Member=Component B1 STM32U575RGT6
Add Class Member: Failed to add class member : Component C1 Capacitor
Add Class Member: Failed to add class member : Component C2 Capacitor
Add Class Member: Failed to add class member : Component C3 Capacitor
Add Class Member: Failed to add class member : Component C4 Capacitor
Add Class Member: Failed to add class member : Component C5 Capacitor
Add Class Member: Failed to add class member : Component C6 Capacitor
Add Class Member: Failed to add class member : Component C7 Capacitor
Add Class Member: Failed to add class member : Component C8 Capacitor
Add Class Member: Failed to add class member : Component C9 Capacitor
Add Class Member: Failed to add class member : Component C10 Capacitor
Add Class Member: Failed to add class member : Component C11 Capacitor
Add Class Member: Failed to add class member : Component C12 Capacitor
Add Class Member: Failed to add class member : Component C13 Capacitor
Add Class Member: Failed to add class member : Component C14 Capacitor
Add Class Member: Failed to add class member : Component C15 Capacitor
Add Class Member: Failed to add class member : Component C16 Capacitor
Add Class Member: Failed to add class member : Component C17 Capacitor
Add Class Member: Failed to add class member : Component C18 Capacitor
Added Member To Class: ClassName=Main Member=Component D1 SMF5.0AT1G
Added Member To Class: ClassName=Main Member=Component D2 SMF5.0AT1G
Add Class Member: Failed to add class member : Component D3 Light-Emitting Diode
Add Class Member: Failed to add class member : Component D4 Light-Emitting Diode
Add Class Member: Failed to add class member : Component D5 Light-Emitting Diode
Add Class Member: Failed to add class member : Component D6 Light-Emitting Diode
Added Member To Class: ClassName=Main Member=Component IC1 USBLC6-2SC6
Added Member To Class: ClassName=Main Member=Component J1 TYPE-C_16PIN_2MD_(073)
Added Member To Class: ClassName=Main Member=Component J2 104031-0811
Added Member To Class: ClassName=Main Member=Component J3 B2B-PH-K-S(LF)(SN)
Added Member To Class: ClassName=Main Member=Component P1 SM06B-SRSS-TB(LF)(SN)
Add Class Member: Failed to add class member : Component R1 Resistor
Add Class Member: Failed to add class member : Component R2 Resistor
Add Class Member: Failed to add class member : Component R3 Resistor
Add Class Member: Failed to add class member : Component R4 Resistor
Add Class Member: Failed to add class member : Component R5 Resistor
Add Class Member: Failed to add class member : Component R6 Resistor
Add Class Member: Failed to add class member : Component R7 Resistor
Add Class Member: Failed to add class member : Component R8 Resistor
Add Class Member: Failed to add class member : Component R9 Resistor
Add Class Member: Failed to add class member : Component R10 Resistor
Add Class Member: Failed to add class member : Component R11 Resistor
Add Class Member: Failed to add class member : Component R12 Resistor
Add Class Member: Failed to add class member : Component R13 Resistor
Add Class Member: Failed to add class member : Component R14 Resistor
Add Class Member: Failed to add class member : Component R15 Resistor
Add Class Member: Failed to add class member : Component R16 Resistor
Add Class Member: Failed to add class member : Component R17 Resistor
Add Class Member: Failed to add class member : Component R18 Resistor
Add Class Member: Failed to add class member : Component R19 Resistor
Add Class Member: Failed to add class member : Component R20 Resistor
Add Class Member: Failed to add class member : Component R21 Resistor
Add Class Member: Failed to add class member : Component R22 Resistor
Add Class Member: Failed to add class member : Component R23 Resistor
Add Class Member: Failed to add class member : Component R24 Resistor
Add Class Member: Failed to add class member : Component R25 Resistor
Add Class Member: Failed to add class member : Component R26 Resistor
Added Member To Class: ClassName=Main Member=Component S1 TS-1187A-B-A-B
Added Member To Class: ClassName=Main Member=Component S2 MK-12C02-G020
Added Member To Class: ClassName=Main Member=Component U1 BMP388
Added Member To Class: ClassName=Main Member=Component U2 LSM6DSO32TR
Added Member To Class: ClassName=Main Member=Component U4 AP2112K-3.3TRG1
Added Member To Class: ClassName=Main Member=Component Y1 X32258MOB4SI
