Change Component Footprint: Designator=C2 Old Footprint=CAPC0402(1005)60_L New Footprint=CAPC0402(1005)60_L
Change Component Footprint: Designator=C4 Old Footprint=CAPC0402(1005)60_L New Footprint=CAPC0402(1005)60_L
Change Component Footprint: Designator=C5 Old Footprint=CAPC0402(1005)60_L New Footprint=CAPC0402(1005)60_L
Change Component Footprint: Designator=C6 Old Footprint=CAPC0402(1005)60_L New Footprint=CAPC0402(1005)60_L
Change Component Footprint: Designator=C7 Old Footprint=CAPC0402(1005)60_L New Footprint=CAPC0402(1005)60_L
Change Component Footprint: Designator=C8 Old Footprint=CAPC0402(1005)60_L New Footprint=CAPC0402(1005)60_L
Change Component Footprint: Designator=C9 Old Footprint=CAPC0402(1005)60_L New Footprint=CAPC0402(1005)60_L
Change Component Footprint: Designator=C11 Old Footprint=CAPC0402(1005)60_L New Footprint=CAPC0402(1005)60_L
Change Component Footprint: Designator=C12 Old Footprint=CAPC0402(1005)60_L New Footprint=CAPC0402(1005)60_L
Change Component Footprint: Designator=C13 Old Footprint=CAPC0402(1005)60_L New Footprint=CAPC0402(1005)60_L
Change Component Footprint: Designator=C14 Old Footprint=CAPC0402(1005)60_L New Footprint=CAPC0402(1005)60_L
Change Component Footprint: Designator=C17 Old Footprint=CAPC0402(1005)60_L New Footprint=CAPC0402(1005)60_L
Change Component Footprint: Designator=C18 Old Footprint=CAPC0402(1005)60_L New Footprint=CAPC0402(1005)60_L
Change Component Footprint: Designator=C1 Old Footprint=CAPC1608X90X40LL10T20 New Footprint=CAPC1608X90X40LL10T20
Change Component Footprint: Designator=C3 Old Footprint=CAPC1608X90X40LL10T20 New Footprint=CAPC1608X90X40LL10T20
Change Component Footprint: Designator=C10 Old Footprint=CAPC1608X90X40LL10T20 New Footprint=CAPC1608X90X40LL10T20
Change Component Footprint: Designator=C15 Old Footprint=CAPC1608X90X40LL10T20 New Footprint=CAPC1608X90X40LL10T20
Change Component Footprint: Designator=C16 Old Footprint=CAPC1608X90X40LL10T20 New Footprint=CAPC1608X90X40LL10T20
Change Component Footprint: Designator=D3 Old Footprint=LTST-C191KRKT_V New Footprint=LTST-C191KRKT_V
Change Component Footprint: Designator=D4 Old Footprint=LTST-C191KRKT_V New Footprint=LTST-C191KRKT_V
Change Component Footprint: Designator=D5 Old Footprint=LTST-C191KRKT_V New Footprint=LTST-C191KRKT_V
Change Component Footprint: Designator=D6 Old Footprint=LTST-C191KRKT_V New Footprint=LTST-C191KRKT_V
Change Component Footprint: Designator=R1 Old Footprint=RESC0402(1005)_L New Footprint=RESC0402(1005)_L
Change Component Footprint: Designator=R2 Old Footprint=RESC0402(1005)_L New Footprint=RESC0402(1005)_L
Change Component Footprint: Designator=R3 Old Footprint=RESC0402(1005)_L New Footprint=RESC0402(1005)_L
Change Component Footprint: Designator=R4 Old Footprint=RESC0402(1005)_L New Footprint=RESC0402(1005)_L
Change Component Footprint: Designator=R5 Old Footprint=RESC0402(1005)_L New Footprint=RESC0402(1005)_L
Change Component Footprint: Designator=R6 Old Footprint=RESC0402(1005)_L New Footprint=RESC0402(1005)_L
Change Component Footprint: Designator=R7 Old Footprint=RESC0402(1005)_L New Footprint=RESC0402(1005)_L
Change Component Footprint: Designator=R8 Old Footprint=RESC0402(1005)_L New Footprint=RESC0402(1005)_L
Change Component Footprint: Designator=R9 Old Footprint=RESC0402(1005)_L New Footprint=RESC0402(1005)_L
Change Component Footprint: Designator=R10 Old Footprint=RESC0402(1005)_L New Footprint=RESC0402(1005)_L
Change Component Footprint: Designator=R11 Old Footprint=RESC0402(1005)_L New Footprint=RESC0402(1005)_L
Change Component Footprint: Designator=R12 Old Footprint=RESC0402(1005)_L New Footprint=RESC0402(1005)_L
Change Component Footprint: Designator=R13 Old Footprint=RESC0402(1005)_L New Footprint=RESC0402(1005)_L
Change Component Footprint: Designator=R14 Old Footprint=RESC0402(1005)_L New Footprint=RESC0402(1005)_L
Change Component Footprint: Designator=R15 Old Footprint=RESC0402(1005)_L New Footprint=RESC0402(1005)_L
Change Component Footprint: Designator=R16 Old Footprint=RESC0402(1005)_L New Footprint=RESC0402(1005)_L
Change Component Footprint: Designator=R17 Old Footprint=RESC0402(1005)_L New Footprint=RESC0402(1005)_L
Change Component Footprint: Designator=R18 Old Footprint=RESC0402(1005)_L New Footprint=RESC0402(1005)_L
Change Component Footprint: Designator=R19 Old Footprint=RESC0402(1005)_L New Footprint=RESC0402(1005)_L
Change Component Footprint: Designator=R20 Old Footprint=RESC0402(1005)_L New Footprint=RESC0402(1005)_L
Change Component Footprint: Designator=R23 Old Footprint=RESC0402(1005)_L New Footprint=RESC0402(1005)_L
Change Component Footprint: Designator=R26 Old Footprint=RESC0402(1005)_L New Footprint=RESC0402(1005)_L
Change Component Footprint: Designator=R21 Old Footprint=RESC1608X55X25LL10T15 New Footprint=RESC1608X55X25LL10T15
Change Component Footprint: Designator=R22 Old Footprint=RESC1608X55X25LL10T15 New Footprint=RESC1608X55X25LL10T15
Change Component Footprint: Designator=R24 Old Footprint=RESC1608X55X25LL10T15 New Footprint=RESC1608X55X25LL10T15
Change Component Footprint: Designator=R25 Old Footprint=RESC1608X55X25LL10T15 New Footprint=RESC1608X55X25LL10T15
Added Differential Pair: Name=STM_USB
Added Differential Pair: Name=USB
Added Member To Class: ClassName=Main Member=Component J1 TYPE-C_16PIN_2MD_(073)
Added Member To Class: ClassName=Main Member=Component J2 104031-0811
